<?xml version="1.0" encoding="UTF-8"?>
<!-- Generated by org.testng.reporters.JUnitXMLReporter -->
<testsuite hostname="DESKTOP-BGMB1MA" ignored="10" name="Test" tests="2" failures="1" timestamp="2021-12-06T09:58:59 IST" time="49.138" errors="0">
  <testcase name="homeButtonTest" time="11.827" classname="com.ubsdemo.testcases.HomePageTest"/>
  <testcase name="tutorialsButtonTest" time="0.193" classname="com.ubsdemo.testcases.HomePageTest">
    <failure type="java.lang.AssertionError">
      <![CDATA[java.lang.AssertionError
at org.junit.Assert.fail(Assert.java:86)
at org.junit.Assert.assertTrue(Assert.java:41)
at org.junit.Assert.assertTrue(Assert.java:52)
at com.ubsdemo.testcases.HomePageTest.tutorialsButtonTest(HomePageTest.java:46)
at java.util.ArrayList.forEach(Unknown Source)
... Removed 27 stack frames]]>
    </failure>
  </testcase> <!-- tutorialsButtonTest -->
  <testcase name="browserTabTest" time="0.0" classname="com.ubsdemo.testcases.HomePageTest">
    <ignored/>
  </testcase> <!-- browserTabTest -->
  <testcase name="messageWindowTest" time="0.0" classname="com.ubsdemo.testcases.HomePageTest">
    <ignored/>
  </testcase> <!-- messageWindowTest -->
  <testcase name="getAllFrame" time="0.0" classname="com.ubsdemo.testcases.HomePageTest">
    <ignored/>
  </testcase> <!-- getAllFrame -->
  <testcase name="alertTest" time="0.0" classname="com.ubsdemo.testcases.HomePageTest">
    <ignored/>
  </testcase> <!-- alertTest -->
  <testcase name="dragAndDropTestWithHoldTest" time="0.0" classname="com.ubsdemo.testcases.HomePageTest">
    <ignored/>
  </testcase> <!-- dragAndDropTestWithHoldTest -->
  <testcase name="getWebTable" time="0.0" classname="com.ubsdemo.testcases.HomePageTest">
    <ignored/>
  </testcase> <!-- getWebTable -->
  <testcase name="browserWindowTest" time="0.0" classname="com.ubsdemo.testcases.HomePageTest">
    <ignored/>
  </testcase> <!-- browserWindowTest -->
  <testcase name="readExcelData" time="0.0" classname="com.ubsdemo.testcases.HomePageTest">
    <ignored/>
  </testcase> <!-- readExcelData -->
  <testcase name="getAllLinks" time="0.0" classname="com.ubsdemo.testcases.HomePageTest">
    <ignored/>
  </testcase> <!-- getAllLinks -->
  <testcase name="dragAndDropTest" time="0.0" classname="com.ubsdemo.testcases.HomePageTest">
    <ignored/>
  </testcase> <!-- dragAndDropTest -->
</testsuite> <!-- Test -->
